<?xml version="1.0" encoding="UTF-8"?>
<!-- Generated by org.testng.reporters.JUnitXMLReporter -->
<testsuite hostname="LwyzHpLap" ignored="0" name="Command line test" tests="3" failures="0" timestamp="22 Mar 2018 23:22:32 GMT" time="46.804" errors="0">
  <testcase name="verifyContactsPageLabel" time="0.068" classname="com.crm.qa.testcases.ContactsPageTest"/>
  <testcase name="verifyHomePageTitleTest" time="0.005" classname="com.crm.qa.testcases.HomePageTest"/>
  <testcase name="loginPageTitleTest" time="0.007" classname="com.crm.qa.testcases.LoginPageTest"/>
</testsuite> <!-- Command line test -->
