<?xml version="1.0" encoding="UTF-8"?>
<testng-results skipped="0" failed="0" ignored="0" total="3" passed="3">
  <reporter-output>
  </reporter-output>
  <suite name="Command line suite" duration-ms="46804" started-at="2018-03-22T23:21:45Z" finished-at="2018-03-22T23:22:32Z">
    <groups>
    </groups>
    <test name="Command line test" duration-ms="46804" started-at="2018-03-22T23:21:45Z" finished-at="2018-03-22T23:22:32Z">
      <class name="com.crm.qa.testcases.HomePageTest">
        <test-method status="PASS" signature="setup()[pri:0, instance:com.crm.qa.testcases.HomePageTest@50f8360d]" name="setup" is-config="true" duration-ms="14426" started-at="2018-03-22T23:22:04Z" finished-at="2018-03-22T23:22:19Z">
          <reporter-output>
          </reporter-output>
        </test-method> <!-- setup -->
        <test-method status="PASS" signature="verifyHomePageTitleTest()[pri:1, instance:com.crm.qa.testcases.HomePageTest@50f8360d]" name="verifyHomePageTitleTest" duration-ms="5" started-at="2018-03-22T23:22:19Z" finished-at="2018-03-22T23:22:19Z">
          <reporter-output>
          </reporter-output>
        </test-method> <!-- verifyHomePageTitleTest -->
        <test-method status="PASS" signature="tearDown()[pri:0, instance:com.crm.qa.testcases.HomePageTest@50f8360d]" name="tearDown" is-config="true" duration-ms="1084" started-at="2018-03-22T23:22:19Z" finished-at="2018-03-22T23:22:20Z">
          <reporter-output>
          </reporter-output>
        </test-method> <!-- tearDown -->
      </class> <!-- com.crm.qa.testcases.HomePageTest -->
      <class name="com.crm.qa.testcases.ContactsPageTest">
        <test-method status="PASS" signature="setup()[pri:0, instance:com.crm.qa.testcases.ContactsPageTest@61dc03ce]" name="setup" is-config="true" duration-ms="17918" started-at="2018-03-22T23:21:45Z" finished-at="2018-03-22T23:22:03Z">
          <reporter-output>
          </reporter-output>
        </test-method> <!-- setup -->
        <test-method status="PASS" signature="verifyContactsPageLabel()[pri:1, instance:com.crm.qa.testcases.ContactsPageTest@61dc03ce]" name="verifyContactsPageLabel" duration-ms="68" started-at="2018-03-22T23:22:03Z" finished-at="2018-03-22T23:22:03Z">
          <reporter-output>
          </reporter-output>
        </test-method> <!-- verifyContactsPageLabel -->
        <test-method status="PASS" signature="tearDown()[pri:0, instance:com.crm.qa.testcases.ContactsPageTest@61dc03ce]" name="tearDown" is-config="true" duration-ms="1024" started-at="2018-03-22T23:22:03Z" finished-at="2018-03-22T23:22:04Z">
          <reporter-output>
          </reporter-output>
        </test-method> <!-- tearDown -->
      </class> <!-- com.crm.qa.testcases.ContactsPageTest -->
      <class name="com.crm.qa.testcases.LoginPageTest">
        <test-method status="PASS" signature="setup()[pri:0, instance:com.crm.qa.testcases.LoginPageTest@2cb4c3ab]" name="setup" is-config="true" duration-ms="11266" started-at="2018-03-22T23:22:20Z" finished-at="2018-03-22T23:22:31Z">
          <reporter-output>
          </reporter-output>
        </test-method> <!-- setup -->
        <test-method status="PASS" signature="loginPageTitleTest()[pri:1, instance:com.crm.qa.testcases.LoginPageTest@2cb4c3ab]" name="loginPageTitleTest" duration-ms="7" started-at="2018-03-22T23:22:31Z" finished-at="2018-03-22T23:22:31Z">
          <reporter-output>
          </reporter-output>
        </test-method> <!-- loginPageTitleTest -->
        <test-method status="PASS" signature="tearDown()[pri:0, instance:com.crm.qa.testcases.LoginPageTest@2cb4c3ab]" name="tearDown" is-config="true" duration-ms="974" started-at="2018-03-22T23:22:31Z" finished-at="2018-03-22T23:22:32Z">
          <reporter-output>
          </reporter-output>
        </test-method> <!-- tearDown -->
      </class> <!-- com.crm.qa.testcases.LoginPageTest -->
    </test> <!-- Command line test -->
  </suite> <!-- Command line suite -->
</testng-results>
